Build started 11/24/2015 11:44:28 AM.
     1>Project "C:\Users\dn\Desktop\Kinect Samples\Native\KinectFusionExplorer-D2D\KinectFusionExplorer-D2D.vcxproj" on node 2 (Build target(s)).
     1>ClCompile:
         C:\Program Files (x86)\Microsoft Visual Studio 14.0\VC\bin\CL.exe /c /ZI /nologo /W3 /WX- /Od /Oy- /D WIN32 /D _DEBUG /D _WINDOWS /D _UNICODE /D UNICODE /Gm /EHsc /RTC1 /MDd /GS /fp:precise /Zc:wchar_t /Zc:forScope /Zc:inline /Fo"Debug\\" /Fd"Debug\vc140.pdb" /Gd /TP /analyze- /errorReport:prompt ImageRenderer.cpp KinectFusionExplorer.cpp KinectFusionHelper.cpp KinectFusionProcessor.cpp KinectFusionProcessorFrame.cpp Timer.cpp
         Timer.cpp
         KinectFusionProcessorFrame.cpp
         KinectFusionProcessor.cpp
         KinectFusionHelper.cpp
         KinectFusionExplorer.cpp
     1>c:\users\dn\desktop\kinect samples\native\kinectfusionexplorer-d2d\kinectfusionexplorer.cpp(462): warning C4302: 'type cast': truncation from 'LPWSTR' to 'WORD'
         ImageRenderer.cpp
         Generating Code...
       ResourceCompile:
         C:\Program Files (x86)\Windows Kits\8.1\bin\x86\rc.exe /D _UNICODE /D UNICODE /l"0x0409" /nologo /fo"Debug\KinectFusionExplorer-D2D.res" KinectFusionExplorer-D2D.rc 
       Link:
         C:\Program Files (x86)\Microsoft Visual Studio 14.0\VC\bin\link.exe /ERRORREPORT:PROMPT /OUT:"C:\Users\dn\Desktop\Kinect Samples\Native\KinectFusionExplorer-D2D\Debug\KinectFusionExplorer-D2D.exe" /INCREMENTAL /NOLOGO kinect20.lib Kinect20.Fusion.lib kernel32.lib user32.lib gdi32.lib winspool.lib comdlg32.lib advapi32.lib shell32.lib ole32.lib oleaut32.lib uuid.lib odbc32.lib odbccp32.lib /MANIFEST /MANIFESTUAC:"level='asInvoker' uiAccess='false'" /manifest:embed /Debug /PDB:"C:\Users\dn\Desktop\Kinect Samples\Native\KinectFusionExplorer-D2D\Debug\KinectFusionExplorer-D2D.pdb" /SUBSYSTEM:WINDOWS /STACK:"10000000","10000000" /TLBID:1 /DYNAMICBASE /NXCOMPAT /IMPLIB:"C:\Users\dn\Desktop\Kinect Samples\Native\KinectFusionExplorer-D2D\Debug\KinectFusionExplorer-D2D.lib" /MACHINE:X86 "Debug\KinectFusionExplorer-D2D.res"
         Debug\ImageRenderer.obj
         Debug\KinectFusionExplorer.obj
         Debug\KinectFusionHelper.obj
         Debug\KinectFusionProcessor.obj
         Debug\KinectFusionProcessorFrame.obj
         Debug\Timer.obj
         KinectFusionExplorer-D2D.vcxproj -> C:\Users\dn\Desktop\Kinect Samples\Native\KinectFusionExplorer-D2D\Debug\KinectFusionExplorer-D2D.exe
       PostBuildEvent:
         xcopy /C /Y "C:\Program Files\Microsoft SDKs\Kinect\v2.0_1409\Redist\Fusion\x86\Kinect20.Fusion.dll" "C:\Users\dn\Desktop\Kinect Samples\Native\KinectFusionExplorer-D2D\Debug\"
         :VCEnd
         C:\Program Files\Microsoft SDKs\Kinect\v2.0_1409\Redist\Fusion\x86\Kinect20.Fusion.dll
         1 File(s) copied
     1>Done Building Project "C:\Users\dn\Desktop\Kinect Samples\Native\KinectFusionExplorer-D2D\KinectFusionExplorer-D2D.vcxproj" (Build target(s)).

Build succeeded.

Time Elapsed 00:00:09.23
